#-----------------------------------------------------------
# Vivado v2017.4 (64-bit)
# SW Build 2086221 on Fri Dec 15 20:55:39 MST 2017
# IP Build 2085800 on Fri Dec 15 22:25:07 MST 2017
# Start of session at: Sun Nov 22 21:40:02 2020
# Process ID: 16956
# Current directory: D:/Desktop/学习相关/计算机组成原理/代码及作业/单周期cpu相关内容/Final――single-cycle-CPU-master/code/SingleCycleCPU
# Command line: vivado.exe -gui_launcher_event rodinguilauncherevent11176 D:\Desktop\学习相关\计算机组成原理\代码及作业\单周期cpu相关内容\Final――single-cycle-CPU-master\code\SingleCycleCPU\SingleCycleCPU.xpr
# Log file: D:/Desktop/学习相关/计算机组成原理/代码及作业/单周期cpu相关内容/Final――single-cycle-CPU-master/code/SingleCycleCPU/vivado.log
# Journal file: D:/Desktop/学习相关/计算机组成原理/代码及作业/单周期cpu相关内容/Final――single-cycle-CPU-master/code/SingleCycleCPU\vivado.jou
#-----------------------------------------------------------
start_gui
open_project D:/Desktop/学习相关/计算机组成原理/代码及作业/单周期cpu相关内容/Final――single-cycle-CPU-master/code/SingleCycleCPU/SingleCycleCPU.xpr
INFO: [ProjectBase 1-489] The host OS only allows 260 characters in a normal path. The project is stored in a path with more than 80 characters. If you experience issues with IP, Block Designs, or files not being found, please consider moving the project to a location with a shorter path. Alternately consider using the OS subst command to map part of the path to a drive letter.
Current project path is 'D:/Desktop/学习相关/计算机组成原理/代码及作业/单周期cpu相关内容/Final――single-cycle-CPU-master/code/SingleCycleCPU'
Scanning sources...
Finished scanning sources
INFO: [IP_Flow 19-234] Refreshing IP repositories
INFO: [IP_Flow 19-1704] No user IP repositories specified
INFO: [IP_Flow 19-2313] Loaded Vivado IP repository 'D:/vivado/Vivado/2017.4/data/ip'.
update_compile_order -fileset sources_1
exit
INFO: [Common 17-206] Exiting Vivado at Sun Nov 22 21:42:48 2020...
