#-----------------------------------------------------------
# Vivado v2017.4 (64-bit)
# SW Build 2086221 on Fri Dec 15 20:55:39 MST 2017
# IP Build 2085800 on Fri Dec 15 22:25:07 MST 2017
# Start of session at: Thu Nov 19 07:57:32 2020
# Process ID: 13624
# Current directory: D:/Desktop/single-cycle-CPU-master/code/SingleCycleCPU
# Command line: vivado.exe -gui_launcher_event rodinguilauncherevent5696 D:\Desktop\single-cycle-CPU-master\code\SingleCycleCPU\SingleCycleCPU.xpr
# Log file: D:/Desktop/single-cycle-CPU-master/code/SingleCycleCPU/vivado.log
# Journal file: D:/Desktop/single-cycle-CPU-master/code/SingleCycleCPU\vivado.jou
#-----------------------------------------------------------
start_gui
open_project D:/Desktop/single-cycle-CPU-master/code/SingleCycleCPU/SingleCycleCPU.xpr
Scanning sources...
Finished scanning sources
INFO: [IP_Flow 19-234] Refreshing IP repositories
INFO: [IP_Flow 19-1704] No user IP repositories specified
INFO: [IP_Flow 19-2313] Loaded Vivado IP repository 'D:/vivado/Vivado/2017.4/data/ip'.
open_project: Time (s): cpu = 00:00:11 ; elapsed = 00:00:13 . Memory (MB): peak = 754.832 ; gain = 83.996
update_compile_order -fileset sources_1
launch_simulation
INFO: [Vivado 12-5682] Launching behavioral simulation in 'D:/Desktop/single-cycle-CPU-master/code/SingleCycleCPU/SingleCycleCPU.sim/sim_1/behav/xsim'
INFO: [SIM-utils-51] Simulation object is 'sim_1'
INFO: [SIM-utils-54] Inspecting design source files for 'TestSingleCycleCpu' in fileset 'sim_1'...
INFO: [USF-XSim-97] Finding global include files...
INFO: [USF-XSim-98] Fetching design files from 'sim_1'...
INFO: [USF-XSim-2] XSim::Compile design
INFO: [USF-XSim-61] Executing 'COMPILE and ANALYZE' step in 'D:/Desktop/single-cycle-CPU-master/code/SingleCycleCPU/SingleCycleCPU.sim/sim_1/behav/xsim'
"xvlog --incr --relax -prj TestSingleCycleCpu_vlog.prj"
INFO: [VRFC 10-2263] Analyzing Verilog file "D:/Desktop/single-cycle-CPU-master/code/SingleCycleCPU/SingleCycleCPU.srcs/sources_1/new/ALU.v" into library xil_defaultlib
INFO: [VRFC 10-311] analyzing module ALU
INFO: [VRFC 10-2263] Analyzing Verilog file "D:/Desktop/single-cycle-CPU-master/code/SingleCycleCPU/SingleCycleCPU.srcs/sources_1/new/ControlUnit.v" into library xil_defaultlib
INFO: [VRFC 10-311] analyzing module ControlUnit
INFO: [VRFC 10-2263] Analyzing Verilog file "D:/Desktop/single-cycle-CPU-master/code/SingleCycleCPU/SingleCycleCPU.srcs/sources_1/new/DataMEM.v" into library xil_defaultlib
INFO: [VRFC 10-311] analyzing module DataMEM
INFO: [VRFC 10-2263] Analyzing Verilog file "D:/Desktop/single-cycle-CPU-master/code/SingleCycleCPU/SingleCycleCPU.srcs/sources_1/new/InsMEM.v" into library xil_defaultlib
INFO: [VRFC 10-311] analyzing module InsMEM
INFO: [VRFC 10-2263] Analyzing Verilog file "D:/Desktop/single-cycle-CPU-master/code/SingleCycleCPU/SingleCycleCPU.srcs/sources_1/new/InstructionCut.v" into library xil_defaultlib
INFO: [VRFC 10-311] analyzing module InstructionCut
INFO: [VRFC 10-2263] Analyzing Verilog file "D:/Desktop/single-cycle-CPU-master/code/SingleCycleCPU/SingleCycleCPU.srcs/sources_1/new/PC.v" into library xil_defaultlib
INFO: [VRFC 10-311] analyzing module PC
INFO: [VRFC 10-2263] Analyzing Verilog file "D:/Desktop/single-cycle-CPU-master/code/SingleCycleCPU/SingleCycleCPU.srcs/sources_1/new/RegisterFile.v" into library xil_defaultlib
INFO: [VRFC 10-311] analyzing module RegisterFile
INFO: [VRFC 10-2263] Analyzing Verilog file "D:/Desktop/single-cycle-CPU-master/code/SingleCycleCPU/SingleCycleCPU.srcs/sources_1/new/SignZeroExtend.v" into library xil_defaultlib
INFO: [VRFC 10-311] analyzing module SignZeroExtend
INFO: [VRFC 10-2263] Analyzing Verilog file "D:/Desktop/single-cycle-CPU-master/code/SingleCycleCPU/SingleCycleCPU.srcs/sources_1/new/SingleCycleCPU.v" into library xil_defaultlib
INFO: [VRFC 10-311] analyzing module SingleCycleCPU
INFO: [VRFC 10-2263] Analyzing Verilog file "D:/Desktop/single-cycle-CPU-master/code/SingleCycleCPU/SingleCycleCPU.srcs/sources_1/new/jump_mux.v" into library xil_defaultlib
INFO: [VRFC 10-311] analyzing module jump_mux
INFO: [VRFC 10-2263] Analyzing Verilog file "D:/Desktop/single-cycle-CPU-master/code/SingleCycleCPU/SingleCycleCPU.srcs/sources_1/new/pcAdd.v" into library xil_defaultlib
INFO: [VRFC 10-311] analyzing module pcAdd
INFO: [VRFC 10-2263] Analyzing Verilog file "D:/Desktop/single-cycle-CPU-master/code/SingleCycleCPU/SingleCycleCPU.srcs/sim_1/new/TestSingleCycleCpu.v" into library xil_defaultlib
INFO: [VRFC 10-311] analyzing module TestSingleCycleCpu
INFO: [USF-XSim-69] 'compile' step finished in '3' seconds
INFO: [USF-XSim-3] XSim::Elaborate design
INFO: [USF-XSim-61] Executing 'ELABORATE' step in 'D:/Desktop/single-cycle-CPU-master/code/SingleCycleCPU/SingleCycleCPU.sim/sim_1/behav/xsim'
Vivado Simulator 2017.4
Copyright 1986-1999, 2001-2016 Xilinx, Inc. All Rights Reserved.
Running: D:/vivado/Vivado/2017.4/bin/unwrapped/win64.o/xelab.exe -wto 28601101d85e4c5599e8fe905c1acaf0 --incr --debug typical --relax --mt 2 -L xil_defaultlib -L unisims_ver -L unimacro_ver -L secureip --snapshot TestSingleCycleCpu_behav xil_defaultlib.TestSingleCycleCpu xil_defaultlib.glbl -log elaborate.log 
Using 2 slave threads.
Starting static elaboration
Completed static elaboration
Starting simulation data flow analysis
Completed simulation data flow analysis
Time Resolution for simulation is 1ps
Compiling module xil_defaultlib.pcAdd
Compiling module xil_defaultlib.PC
Compiling module xil_defaultlib.InsMEM
Compiling module xil_defaultlib.InstructionCut
Compiling module xil_defaultlib.ControlUnit
Compiling module xil_defaultlib.RegisterFile
Compiling module xil_defaultlib.ALU
Compiling module xil_defaultlib.DataMEM
Compiling module xil_defaultlib.SignZeroExtend
Compiling module xil_defaultlib.jump_mux
Compiling module xil_defaultlib.SingleCycleCPU
Compiling module xil_defaultlib.TestSingleCycleCpu
Compiling module xil_defaultlib.glbl
Built simulation snapshot TestSingleCycleCpu_behav

****** Webtalk v2017.4 (64-bit)
  **** SW Build 2086221 on Fri Dec 15 20:55:39 MST 2017
  **** IP Build 2085800 on Fri Dec 15 22:25:07 MST 2017
    ** Copyright 1986-2017 Xilinx, Inc. All Rights Reserved.

source D:/Desktop/single-cycle-CPU-master/code/SingleCycleCPU/SingleCycleCPU.sim/sim_1/behav/xsim/xsim.dir/TestSingleCycleCpu_behav/webtalk/xsim_webtalk.tcl -notrace
INFO: [Common 17-206] Exiting Webtalk at Thu Nov 19 07:59:00 2020...
run_program: Time (s): cpu = 00:00:00 ; elapsed = 00:00:06 . Memory (MB): peak = 787.734 ; gain = 0.000
INFO: [USF-XSim-69] 'elaborate' step finished in '6' seconds
INFO: [USF-XSim-4] XSim::Simulate design
INFO: [USF-XSim-61] Executing 'SIMULATE' step in 'D:/Desktop/single-cycle-CPU-master/code/SingleCycleCPU/SingleCycleCPU.sim/sim_1/behav/xsim'
INFO: [USF-XSim-98] *** Running xsim
   with args "TestSingleCycleCpu_behav -key {Behavioral:sim_1:Functional:TestSingleCycleCpu} -tclbatch {TestSingleCycleCpu.tcl} -log {simulate.log}"
INFO: [USF-XSim-8] Loading simulator feature
Vivado Simulator 2017.4
Time resolution is 1 ps
source TestSingleCycleCpu.tcl
# set curr_wave [current_wave_config]
# if { [string length $curr_wave] == 0 } {
#   if { [llength [get_objects]] > 0} {
#     add_wave /
#     set_property needs_save false [current_wave_config]
#   } else {
#      send_msg_id Add_Wave-1 WARNING "No top level signals found. Simulator will start without a wave window. If you want to open a wave window go to 'File->New Waveform Configuration' or type 'create_wave_config' in the TCL console."
#   }
# }
# run 1000ns
INFO: [USF-XSim-96] XSim completed. Design snapshot 'TestSingleCycleCpu_behav' loaded.
INFO: [USF-XSim-97] XSim simulation ran for 1000ns
launch_simulation: Time (s): cpu = 00:00:11 ; elapsed = 00:00:14 . Memory (MB): peak = 796.332 ; gain = 28.168
restart
INFO: [Simtcl 6-17] Simulation restarted
run 5 ns
run 5000 ns
close_sim
INFO: [Simtcl 6-16] Simulation closed
exit
INFO: [Common 17-206] Exiting Vivado at Thu Nov 19 08:01:07 2020...
